{
  "uid" : "63097a21431e313b",
  "name" : "test_purchase_order",
  "fullName" : "Case.test_02_purchase#test_purchase_order",
  "historyId" : "fe608a92593a4d5c240b1b3bce8adee1",
  "time" : {
    "start" : 1723457628523,
    "stop" : 1723457643917,
    "duration" : 15394
  },
  "description" : "关联请购单新增采购订单",
  "descriptionHtml" : "<p>关联请购单新增采购订单</p>\n",
  "status" : "failed",
  "statusMessage" : "pytest_assume.plugin.FailedAssumption: \n1 Failed Assumptions:\n\nCase\\test_02_purchase.py:27: AssumptionFailure\n>>\tpytest.assume(num2 - num1 == 1)  # 断言新增之后页面上会多一条数据\nAssertionError: assert False",
  "statusTrace" : "tp = <class 'pytest_assume.plugin.FailedAssumption'>, value = None, tb = None\n\n    def reraise(tp, value, tb=None):\n        try:\n            if value is None:\n                value = tp()\n            if value.__traceback__ is not tb:\n>               raise value.with_traceback(tb)\nE               pytest_assume.plugin.FailedAssumption: \nE               1 Failed Assumptions:\nE               \nE               Case\\test_02_purchase.py:27: AssumptionFailure\nE               >>\tpytest.assume(num2 - num1 == 1)  # 断言新增之后页面上会多一条数据\nE               AssertionError: assert False\n\nD:\\py3\\lib\\site-packages\\six.py:718: FailedAssumption",
  "flaky" : false,
  "newFailed" : false,
  "beforeStages" : [ {
    "name" : "_session_faker",
    "time" : {
      "start" : 1723457610796,
      "stop" : 1723457610931,
      "duration" : 135
    },
    "status" : "passed",
    "steps" : [ ],
    "attachments" : [ ],
    "parameters" : [ ],
    "hasContent" : false,
    "stepsCount" : 0,
    "attachmentsCount" : 0,
    "shouldDisplayMessage" : false
  }, {
    "name" : "po",
    "time" : {
      "start" : 1723457626907,
      "stop" : 1723457628522,
      "duration" : 1615
    },
    "status" : "passed",
    "steps" : [ ],
    "attachments" : [ ],
    "parameters" : [ ],
    "hasContent" : false,
    "stepsCount" : 0,
    "attachmentsCount" : 0,
    "shouldDisplayMessage" : false
  } ],
  "afterStages" : [ ],
  "labels" : [ {
    "name" : "parentSuite",
    "value" : "Case"
  }, {
    "name" : "suite",
    "value" : "test_02_purchase"
  }, {
    "name" : "host",
    "value" : "LAPTOP-J99CE7C3"
  }, {
    "name" : "thread",
    "value" : "49044-MainThread"
  }, {
    "name" : "framework",
    "value" : "pytest"
  }, {
    "name" : "language",
    "value" : "cpython3"
  }, {
    "name" : "package",
    "value" : "Case.test_02_purchase"
  }, {
    "name" : "resultFormat",
    "value" : "allure2"
  } ],
  "parameters" : [ ],
  "links" : [ ],
  "hidden" : false,
  "retry" : false,
  "extra" : {
    "severity" : "normal",
    "retries" : [ ],
    "categories" : [ {
      "name" : "Product defects",
      "matchedStatuses" : [ ],
      "flaky" : false
    } ],
    "tags" : [ ]
  },
  "source" : "63097a21431e313b.json",
  "parameterValues" : [ ]
}